license.pdf
Node1_audio_01.zip
Node1_audio_02.zip
Node1_audio_03.zip
Node1_audio_04.zip
Node1_audio_05.zip
Node1_audio_06.zip
Node1_audio_07.zip
Node1_audio_08.zip
Node1_audio_09.zip
Node1_audio_10.zip
license.pdf: OK
Node1_audio_01.zip: OK
Node1_audio_02.zip: OK
Node1_audio_03.zip: OK
Node1_audio_04.zip: OK
Node1_audio_05.zip: OK
Node1_audio_06.zip: OK
Node1_audio_07.zip: OK
Node1_audio_08.zip: OK
Node1_audio_09.zip: OK
Node1_audio_10.zip: OK
license.pdf
Node2_audio_01.zip
Node2_audio_02.zip
Node2_audio_03.zip
Node2_audio_04.zip
Node2_audio_05.zip
Node2_audio_06.zip
Node2_audio_07.zip
Node2_audio_08.zip
Node2_audio_09.zip
Node2_audio_10.zip
readme.txt
license.pdf: OK
Node2_audio_01.zip: OK
Node2_audio_02.zip: OK
Node2_audio_03.zip: OK
Node2_audio_04.zip: OK
Node2_audio_05.zip: OK
Node2_audio_06.zip: OK
Node2_audio_07.zip: OK
Node2_audio_08.zip: OK
Node2_audio_09.zip: OK
Node2_audio_10.zip: OK
readme.txt: OK
license.pdf
Node3_audio_01.zip
Node3_audio_02.zip
Node3_audio_03.zip
Node3_audio_04.zip
Node3_audio_05.zip
Node3_audio_06.zip
Node3_audio_07.zip
Node3_audio_08.zip
Node3_audio_09.zip
Node3_audio_10.zip
readme.txt
license.pdf: OK
Node3_audio_01.zip: OK
Node3_audio_02.zip: OK
Node3_audio_03.zip: OK
Node3_audio_04.zip: OK
Node3_audio_05.zip: OK
Node3_audio_06.zip: OK
Node3_audio_07.zip: OK
Node3_audio_08.zip: OK
Node3_audio_09.zip: OK
Node3_audio_10.zip: OK
readme.txt: OK
license.pdf
Node4_audio_01.zip
Node4_audio_02.zip
Node4_audio_03.zip
Node4_audio_04.zip
Node4_audio_05.zip
Node4_audio_06.zip
Node4_audio_07.zip
Node4_audio_08.zip
Node4_audio_09.zip
Node4_audio_10.zip
readme.txt
license.pdf: OK
Node4_audio_01.zip: OK
Node4_audio_02.zip: OK
Node4_audio_03.zip: OK
Node4_audio_04.zip: OK
Node4_audio_05.zip: OK
Node4_audio_06.zip: OK
Node4_audio_07.zip: OK
Node4_audio_08.zip: OK
Node4_audio_09.zip: OK
Node4_audio_10.zip: OK
readme.txt: OK
license.pdf
Node6_audio_01.zip
Node6_audio_02.zip
Node6_audio_03.zip
Node6_audio_04.zip
Node6_audio_05.zip
Node6_audio_06.zip
Node6_audio_07.zip
Node6_audio_08.zip
Node6_audio_09.zip
Node6_audio_10.zip
readme.txt
license.pdf: OK
Node6_audio_01.zip: OK
Node6_audio_02.zip: OK
Node6_audio_03.zip: OK
Node6_audio_04.zip: OK
Node6_audio_05.zip: OK
Node6_audio_06.zip: OK
Node6_audio_07.zip: OK
Node6_audio_08.zip: OK
Node6_audio_09.zip: OK
Node6_audio_10.zip: OK
readme.txt: OK
license.pdf
Node7_audio_01.zip
Node7_audio_02.zip
Node7_audio_03.zip
Node7_audio_04.zip
Node7_audio_05.zip
Node7_audio_06.zip
Node7_audio_07.zip
Node7_audio_08.zip
Node7_audio_09.zip
Node7_audio_10.zip
readme.txt
license.pdf: OK
Node7_audio_01.zip: OK
Node7_audio_02.zip: OK
Node7_audio_03.zip: OK
Node7_audio_04.zip: OK
Node7_audio_05.zip: OK
Node7_audio_06.zip: OK
Node7_audio_07.zip: OK
Node7_audio_08.zip: OK
Node7_audio_09.zip: OK
Node7_audio_10.zip: OK
readme.txt: OK
license.pdf
Node8_audio_01.zip
Node8_audio_02.zip
Node8_audio_03.zip
Node8_audio_04.zip
Node8_audio_05.zip
Node8_audio_06.zip
Node8_audio_07.zip
Node8_audio_08.zip
Node8_audio_09.zip
Node8_audio_10.zip
license.pdf: OK
Node8_audio_01.zip: OK
Node8_audio_02.zip: OK
Node8_audio_03.zip: OK
Node8_audio_04.zip: OK
Node8_audio_05.zip: OK
Node8_audio_06.zip: OK
Node8_audio_07.zip: OK
Node8_audio_08.zip: OK
Node8_audio_09.zip: OK
Node8_audio_10.zip: OK
license.pdf
Node9_audio_01.zip
Node9_audio_02.zip
Node9_audio_03.zip
Node9_audio_04.zip
Node9_audio_05.zip
Node9_audio_06.zip
Node9_audio_07.zip
Node9_audio_08.zip
Node9_audio_09.zip
readme.txt
license.pdf: OK
Node9_audio_01.zip: OK
Node9_audio_02.zip: OK
Node9_audio_03.zip: OK
Node9_audio_04.zip: OK
Node9_audio_05.zip: OK
Node9_audio_06.zip: OK
Node9_audio_07.zip: OK
Node9_audio_08.zip: OK
Node9_audio_09.zip: OK
readme.txt: OK
license.pdf
Node10_audio_1.zip
Node10_audio_2.zip
Node10_audio_3.zip
Node10_audio_4.zip
Node10_audio_5.zip
Node10_audio_6.zip
Node10_audio_7.zip
Node10_audio_8.zip
Node10_audio_9.zip
readme.txt
license.pdf: OK
Node10_audio_1.zip: OK
Node10_audio_2.zip: OK
Node10_audio_3.zip: OK
Node10_audio_4.zip: OK
Node10_audio_5.zip: OK
Node10_audio_6.zip: OK
Node10_audio_7.zip: OK
Node10_audio_8.zip: OK
Node10_audio_9.zip: OK
readme.txt: OK
license.pdf
Node11_audio_2.zip
Node11_audio_3.zip
Node11_audio_4.zip
Node11_audio_5.zip
Node11_audio_6.zip
Node11_audio_7.zip
Node11_audio_8.zip
Node11_audio_9.zip
readme.txt
license.pdf: OK
Node11_audio_2.zip: OK
Node11_audio_3.zip: OK
Node11_audio_4.zip: OK
Node11_audio_5.zip: OK
Node11_audio_6.zip: OK
Node11_audio_7.zip: OK
Node11_audio_8.zip: OK
Node11_audio_9.zip: OK
readme.txt: OK
license.pdf
Node12_audio_1.zip
Node12_audio_2.zip
Node12_audio_3.zip
Node12_audio_4.zip
Node12_audio_5.zip
Node12_audio_6.zip
Node12_audio_7.zip
Node12_audio_8.zip
Node12_audio_9.zip
readme.txt
license.pdf: OK
Node12_audio_1.zip: OK
Node12_audio_2.zip: OK
Node12_audio_3.zip: OK
Node12_audio_4.zip: OK
Node12_audio_5.zip: OK
Node12_audio_6.zip: OK
Node12_audio_7.zip: OK
Node12_audio_8.zip: OK
Node12_audio_9.zip: OK
readme.txt: OK
license.pdf
Node13_audio_1.zip
Node13_audio_2.zip
Node13_audio_3.zip
Node13_audio_4.zip
Node13_audio_5.zip
Node13_audio_6.zip
Node13_audio_7.zip
Node13_audio_8.zip
Node13_audio_9.zip
readme.txt
license.pdf: OK
Node13_audio_1.zip: OK
Node13_audio_2.zip: OK
Node13_audio_3.zip: OK
Node13_audio_4.zip: OK
Node13_audio_5.zip: OK
Node13_audio_6.zip: OK
Node13_audio_7.zip: OK
Node13_audio_8.zip: OK
Node13_audio_9.zip: OK
readme.txt: OK
